Using pre-set license
Built from '2020.3/staging' branch; Version is '2020.3.16f1 (049d6eca3c44) revision 302446'; Using compiler version '192528614'; Build Type 'Release'
OS: 'Windows 10 Pro; OS build 19043.1415; Version 2009; 64bit' Language: 'zh' Physical Memory: 32608 MB
BatchMode: 1, IsHumanControllingUs: 0, StartBugReporterOnCrash: 0, Is64bit: 1, IsPro: 0

 COMMAND LINE ARGUMENTS:
C:\Program Files\Unity\Hub\Editor\2020.3.16f1\Editor\Unity.exe
-adb2
-batchMode
-noUpm
-name
AssetImportWorker0
-projectPath
C:/Users/user/Desktop/Unity_AR_Foundation_20211027_2020_3_16-main/Unity_AR_Foundation_Example_20211025_2020_3_16
-logFile
Logs/AssetImportWorker0.log
-srvPort
55070
Successfully changed project path to: C:/Users/user/Desktop/Unity_AR_Foundation_20211027_2020_3_16-main/Unity_AR_Foundation_Example_20211025_2020_3_16
C:/Users/user/Desktop/Unity_AR_Foundation_20211027_2020_3_16-main/Unity_AR_Foundation_Example_20211025_2020_3_16
Using Asset Import Pipeline V2.
Refreshing native plugins compatible for Editor in 36.29 ms, found 0 plugins.
Preloading 0 native plugins for Editor in 0.00 ms.
Initialize engine version: 2020.3.16f1 (049d6eca3c44)
[Subsystems] Discovering subsystems at path C:/Program Files/Unity/Hub/Editor/2020.3.16f1/Editor/Data/Resources/UnitySubsystems
[Subsystems] Discovering subsystems at path C:/Users/user/Desktop/Unity_AR_Foundation_20211027_2020_3_16-main/Unity_AR_Foundation_Example_20211025_2020_3_16/Assets
GfxDevice: creating device client; threaded=0
Direct3D:
    Version:  Direct3D 11.0 [level 11.1]
    Renderer: Intel(R) UHD Graphics 630 (ID=0x9bc5)
    Vendor:   
    VRAM:     16304 MB
    Driver:   27.20.100.8681
Initialize mono
Mono path[0] = 'C:/Program Files/Unity/Hub/Editor/2020.3.16f1/Editor/Data/Managed'
Mono path[1] = 'C:/Program Files/Unity/Hub/Editor/2020.3.16f1/Editor/Data/MonoBleedingEdge/lib/mono/unityjit'
Mono config path = 'C:/Program Files/Unity/Hub/Editor/2020.3.16f1/Editor/Data/MonoBleedingEdge/etc'
Using monoOptions --debugger-agent=transport=dt_socket,embedding=1,server=y,suspend=n,address=127.0.0.1:56804
Begin MonoManager ReloadAssembly
Registering precompiled unity dll's ...
Register platform support module: C:/Program Files/Unity/Hub/Editor/2020.3.16f1/Editor/Data/PlaybackEngines/WindowsStandaloneSupport/UnityEditor.WindowsStandalone.Extensions.dll
Registered in 0.002557 seconds.
Native extension for WindowsStandalone target not found
Refreshing native plugins compatible for Editor in 42.46 ms, found 0 plugins.
Preloading 0 native plugins for Editor in 0.00 ms.
Mono: successfully reloaded assembly
- Completed reload, in  2.588 seconds
Domain Reload Profiling:
	ReloadAssembly (2588ms)
		BeginReloadAssembly (66ms)
			ExecutionOrderSort (0ms)
			DisableScriptedObjects (0ms)
			BackupInstance (0ms)
			ReleaseScriptingObjects (0ms)
			CreateAndSetChildDomain (1ms)
		EndReloadAssembly (680ms)
			LoadAssemblies (63ms)
			RebuildTransferFunctionScriptingTraits (0ms)
			SetupTypeCache (266ms)
			ReleaseScriptCaches (0ms)
			RebuildScriptCaches (54ms)
			SetupLoadedEditorAssemblies (249ms)
				LogAssemblyErrors (0ms)
				InitializePlatformSupportModulesInManaged (7ms)
				SetLoadedEditorAssemblies (0ms)
				RefreshPlugins (43ms)
				BeforeProcessingInitializeOnLoad (28ms)
				ProcessInitializeOnLoadAttributes (134ms)
				ProcessInitializeOnLoadMethodAttributes (36ms)
				AfterProcessingInitializeOnLoad (0ms)
				EditorAssembliesLoaded (0ms)
			ExecutionOrderSort2 (0ms)
			AwakeInstancesAfterBackupRestoration (0ms)
Platform modules already initialized, skipping
Registering precompiled user dll's ...
Registered in 0.000907 seconds.
Begin MonoManager ReloadAssembly
Native extension for WindowsStandalone target not found
Refreshing native plugins compatible for Editor in 46.89 ms, found 0 plugins.
Preloading 0 native plugins for Editor in 0.00 ms.
Mono: successfully reloaded assembly
- Completed reload, in  1.255 seconds
Domain Reload Profiling:
	ReloadAssembly (1257ms)
		BeginReloadAssembly (167ms)
			ExecutionOrderSort (0ms)
			DisableScriptedObjects (5ms)
			BackupInstance (0ms)
			ReleaseScriptingObjects (0ms)
			CreateAndSetChildDomain (23ms)
		EndReloadAssembly (1026ms)
			LoadAssemblies (100ms)
			RebuildTransferFunctionScriptingTraits (0ms)
			SetupTypeCache (298ms)
			ReleaseScriptCaches (1ms)
			RebuildScriptCaches (72ms)
			SetupLoadedEditorAssemblies (369ms)
				LogAssemblyErrors (0ms)
				InitializePlatformSupportModulesInManaged (5ms)
				SetLoadedEditorAssemblies (0ms)
				RefreshPlugins (47ms)
				BeforeProcessingInitializeOnLoad (103ms)
				ProcessInitializeOnLoadAttributes (202ms)
				ProcessInitializeOnLoadMethodAttributes (5ms)
				AfterProcessingInitializeOnLoad (6ms)
				EditorAssembliesLoaded (0ms)
			ExecutionOrderSort2 (0ms)
			AwakeInstancesAfterBackupRestoration (7ms)
Platform modules already initialized, skipping
========================================================================
Worker process is ready to serve import requests
Launched and connected shader compiler UnityShaderCompiler.exe after 0.10 seconds
Refreshing native plugins compatible for Editor in 0.50 ms, found 0 plugins.
Preloading 0 native plugins for Editor in 0.00 ms.
Unloading 1556 Unused Serialized files (Serialized files now loaded: 0)
System memory in use before: 74.0 MB.
System memory in use after: 74.1 MB.

Unloading 22 unused Assets to reduce memory usage. Loaded Objects now: 1992.
Total: 4.694200 ms (FindLiveObjects: 0.735200 ms CreateObjectMapping: 0.162400 ms MarkObjects: 3.693700 ms  DeleteObjects: 0.101300 ms)

AssetImportParameters requested are different than current active one (requested -> active):
  custom:framework-win-MediaFoundation: 216162199b28c13a410421893ffa2e32 -> 
  custom:video-decoder-ogg-theora: a1e56fd34408186e4bbccfd4996cb3dc -> 
  custom:container-muxer-webm: aa71ff27fc2769a1b78a27578f13a17b -> 
  custom:container-demuxer-webm: 4f35f7cbe854078d1ac9338744f61a02 -> 
  custom:container-demuxer-ogg: 62fdf1f143b41e24485cea50d1cbac27 -> 
  custom:video-encoder-webm-vp8: eb34c28f22e8b96e1ab97ce403110664 -> 
  custom:video-decoder-webm-vp8: 9c59270c3fd7afecdb556c50c9e8de78 -> 
  custom:audio-decoder-ogg-vorbis: bf7c407c2cedff20999df2af8eb42d56 -> 
  custom:audio-encoder-webm-vorbis: bf7c407c2cedff20999df2af8eb42d56 -> 
========================================================================
Received Import Request.
  path: Assets/Scenes/SimpleAR/ARSessionPrefab.prefab
  artifactKey: Guid(90290c13d4a3d46eea32be3d6a1a14c4) Importer(815301076,1909f56bfc062723c751e8b465ee728b)
Start importing Assets/Scenes/SimpleAR/ARSessionPrefab.prefab using Guid(90290c13d4a3d46eea32be3d6a1a14c4) Importer(815301076,1909f56bfc062723c751e8b465ee728b)  -> (artifact id: 'c5073aad4aaf4638cbe23bd651e6e4a4') in 0.066883 seconds 
  Import took 0.069862 seconds .

========================================================================
Received Import Request.
  Time since last request: 0.000255 seconds.
  path: Assets/Scenes/SimpleAR/SimpleAR.unity
  artifactKey: Guid(99c9720ab356a0642a771bea13969a05) Importer(815301076,1909f56bfc062723c751e8b465ee728b)
Start importing Assets/Scenes/SimpleAR/SimpleAR.unity using Guid(99c9720ab356a0642a771bea13969a05) Importer(815301076,1909f56bfc062723c751e8b465ee728b)  -> (artifact id: 'fae2fee24c50c557db0295913c44d477') in 0.009997 seconds 
  Import took 0.013440 seconds .

========================================================================
Received Import Request.
  Time since last request: 2.207173 seconds.
  path: Assets/Scenes/PointCloud/AllPointCloudPointsPrefab.prefab
  artifactKey: Guid(b8874a20398024ddf9f6c78026e9d0b7) Importer(815301076,1909f56bfc062723c751e8b465ee728b)
Start importing Assets/Scenes/PointCloud/AllPointCloudPointsPrefab.prefab using Guid(b8874a20398024ddf9f6c78026e9d0b7) Importer(815301076,1909f56bfc062723c751e8b465ee728b)  -> (artifact id: '9d0c5ddbff402fc9ecdc9b38d35d3f9e') in 0.124593 seconds 
  Import took 0.128662 seconds .

========================================================================
Received Import Request.
  Time since last request: 1.999777 seconds.
  path: Assets/Scenes/PointCloud/AllPointCloudPoints.unity
  artifactKey: Guid(a84b70115cd154cf59b84651a828ac60) Importer(815301076,1909f56bfc062723c751e8b465ee728b)
Start importing Assets/Scenes/PointCloud/AllPointCloudPoints.unity using Guid(a84b70115cd154cf59b84651a828ac60) Importer(815301076,1909f56bfc062723c751e8b465ee728b)  -> (artifact id: '011ed47db7efc539f4c5af64992d4355') in 0.010008 seconds 
  Import took 0.015824 seconds .

========================================================================
Received Import Request.
  Time since last request: 8.503514 seconds.
  path: Assets/Scenes/Plane Detection/AR Plane Classification Visualizer.prefab
  artifactKey: Guid(55818d52702e343009fa8489d262df47) Importer(815301076,1909f56bfc062723c751e8b465ee728b)
Start importing Assets/Scenes/Plane Detection/AR Plane Classification Visualizer.prefab using Guid(55818d52702e343009fa8489d262df47) Importer(815301076,1909f56bfc062723c751e8b465ee728b)  -> (artifact id: '46d5b4e3b256c698bfb14dec41c54569') in 0.019823 seconds 
  Import took 0.023280 seconds .

========================================================================
Received Import Request.
  Time since last request: 1.424179 seconds.
  path: Assets/Scenes/Plane Detection/PlaneClassification.unity
  artifactKey: Guid(ea35aff45ed534fb9b030b82a5d980f4) Importer(815301076,1909f56bfc062723c751e8b465ee728b)
Start importing Assets/Scenes/Plane Detection/PlaneClassification.unity using Guid(ea35aff45ed534fb9b030b82a5d980f4) Importer(815301076,1909f56bfc062723c751e8b465ee728b)  -> (artifact id: '01b7719a86803032813762f1bbdef321') in 0.007364 seconds 
  Import took 0.010601 seconds .

========================================================================
Received Import Request.
  Time since last request: 3.920649 seconds.
  path: Assets/Scenes/ARCore/ARCoreSessionRecording.unity
  artifactKey: Guid(5950f406e5177479b89e0c8d9160b0a9) Importer(815301076,1909f56bfc062723c751e8b465ee728b)
Start importing Assets/Scenes/ARCore/ARCoreSessionRecording.unity using Guid(5950f406e5177479b89e0c8d9160b0a9) Importer(815301076,1909f56bfc062723c751e8b465ee728b)  -> (artifact id: '70ba99a1a842c88b80839939018ec3c6') in 0.008180 seconds 
  Import took 0.011882 seconds .

========================================================================
Received Import Request.
  Time since last request: 7.050389 seconds.
  path: Assets/Textures/FeaturePoint.png
  artifactKey: Guid(c8240f56f5bca4387a34716c42b57c76) Importer(815301076,1909f56bfc062723c751e8b465ee728b)
Start importing Assets/Textures/FeaturePoint.png using Guid(c8240f56f5bca4387a34716c42b57c76) Importer(815301076,1909f56bfc062723c751e8b465ee728b)  -> (artifact id: '7b572f8b1dfe07ad56bb12db969830aa') in 0.064291 seconds 
  Import took 0.067795 seconds .

========================================================================
Received Import Request.
  Time since last request: 0.000145 seconds.
  path: Assets/Textures/PlanePatternDot.png
  artifactKey: Guid(cf0c720f1ba9b47e293f4b9bcfb2ecb4) Importer(815301076,1909f56bfc062723c751e8b465ee728b)
Start importing Assets/Textures/PlanePatternDot.png using Guid(cf0c720f1ba9b47e293f4b9bcfb2ecb4) Importer(815301076,1909f56bfc062723c751e8b465ee728b)  -> (artifact id: 'ec8629d775eb7a6005b6a59495aad104') in 0.013274 seconds 
  Import took 0.016547 seconds .

========================================================================
Received Import Request.
  Time since last request: 0.000240 seconds.
  path: Assets/Textures/Reticle.png
  artifactKey: Guid(80ffce31fe5404f1c91aa768d2cb33e8) Importer(815301076,1909f56bfc062723c751e8b465ee728b)
Start importing Assets/Textures/Reticle.png using Guid(80ffce31fe5404f1c91aa768d2cb33e8) Importer(815301076,1909f56bfc062723c751e8b465ee728b)  -> (artifact id: 'e3f7b89b330eb7c72dbc7e994806147e') in 0.019631 seconds 
  Import took 0.023291 seconds .

========================================================================
Received Import Request.
  Time since last request: 0.000175 seconds.
  path: Assets/Textures/sloth_all_1001_AlbedoTransparency.png
  artifactKey: Guid(b0a9b07b207264316bf3be95cdcf6a08) Importer(815301076,1909f56bfc062723c751e8b465ee728b)
Start importing Assets/Textures/sloth_all_1001_AlbedoTransparency.png using Guid(b0a9b07b207264316bf3be95cdcf6a08) Importer(815301076,1909f56bfc062723c751e8b465ee728b)  -> (artifact id: 'a4beda3ef3b6abe51a17bdfca2d3da58') in 0.029679 seconds 
  Import took 0.032768 seconds .

========================================================================
Received Import Request.
  Time since last request: 0.000180 seconds.
  path: Assets/Textures/sloth_all_1001_Normal.png
  artifactKey: Guid(27a1657365e7440158436bc8e151d931) Importer(815301076,1909f56bfc062723c751e8b465ee728b)
Start importing Assets/Textures/sloth_all_1001_Normal.png using Guid(27a1657365e7440158436bc8e151d931) Importer(815301076,1909f56bfc062723c751e8b465ee728b)  -> (artifact id: '503c705056aaeb0ab872e810fa151e24') in 0.054803 seconds 
  Import took 0.062505 seconds .

========================================================================
Received Import Request.
  Time since last request: 0.000500 seconds.
  path: Assets/Textures/tricolor2.png
  artifactKey: Guid(29407541718b1481abec1654c128b21d) Importer(815301076,1909f56bfc062723c751e8b465ee728b)
Start importing Assets/Textures/tricolor2.png using Guid(29407541718b1481abec1654c128b21d) Importer(815301076,1909f56bfc062723c751e8b465ee728b)  -> (artifact id: '222e4680cd13014d61064999f1f2c84f') in 0.023532 seconds 
  Import took 0.026965 seconds .

========================================================================
Received Import Request.
  Time since last request: 0.000233 seconds.
  path: Assets/Textures/sloth_all_1001_MetallicSmoothness.png
  artifactKey: Guid(433a9cacc6e034c25a6a14eb6af1b09c) Importer(815301076,1909f56bfc062723c751e8b465ee728b)
Start importing Assets/Textures/sloth_all_1001_MetallicSmoothness.png using Guid(433a9cacc6e034c25a6a14eb6af1b09c) Importer(815301076,1909f56bfc062723c751e8b465ee728b)  -> (artifact id: '336f220032d66ce2784b34eafd516284') in 0.063155 seconds 
  Import took 0.070015 seconds .

========================================================================
Received Import Request.
  Time since last request: 0.000424 seconds.
  path: Assets/Textures/tricolor1.png
  artifactKey: Guid(621b34d995d0b424a89840c10e611e18) Importer(815301076,1909f56bfc062723c751e8b465ee728b)
Start importing Assets/Textures/tricolor1.png using Guid(621b34d995d0b424a89840c10e611e18) Importer(815301076,1909f56bfc062723c751e8b465ee728b)  -> (artifact id: '64e4aca93c917598977ed611b31f4904') in 0.022991 seconds 
  Import took 0.027922 seconds .

========================================================================
Received Import Request.
  Time since last request: 0.000317 seconds.
  path: Assets/Textures/tricolor3.png
  artifactKey: Guid(65cfb9a9f0d2e4c6487bc6a41826b7b1) Importer(815301076,1909f56bfc062723c751e8b465ee728b)
Start importing Assets/Textures/tricolor3.png using Guid(65cfb9a9f0d2e4c6487bc6a41826b7b1) Importer(815301076,1909f56bfc062723c751e8b465ee728b)  -> (artifact id: '2cfa822f68027fe87de04f48429514c0') in 0.023689 seconds 
  Import took 0.027652 seconds .

========================================================================
Received Import Request.
  Time since last request: 17.769310 seconds.
  path: Assets/Scripts
  artifactKey: Guid(5e37507c2b1afdc449ef525581e03978) Importer(815301076,1909f56bfc062723c751e8b465ee728b)
Start importing Assets/Scripts using Guid(5e37507c2b1afdc449ef525581e03978) Importer(815301076,1909f56bfc062723c751e8b465ee728b)  -> (artifact id: 'b72c67d55c7dd922868710d112e4dbf0') in 0.010511 seconds 
  Import took 0.015662 seconds .

========================================================================
Received Import Request.
  Time since last request: 7.896558 seconds.
  path: Assets/Scenes/SimpleAR
  artifactKey: Guid(86734efe1150d4800b3bceff47af8063) Importer(815301076,1909f56bfc062723c751e8b465ee728b)
Start importing Assets/Scenes/SimpleAR using Guid(86734efe1150d4800b3bceff47af8063) Importer(815301076,1909f56bfc062723c751e8b465ee728b)  -> (artifact id: 'a72c4e9e6c88d8e0fa65eff169d587f7') in 0.007974 seconds 
  Import took 0.011475 seconds .

========================================================================
Received Import Request.
  Time since last request: 0.364483 seconds.
  path: Assets/Scenes/Anchors.unity
  artifactKey: Guid(5cba9114a192a46a7aef31da62316e39) Importer(815301076,1909f56bfc062723c751e8b465ee728b)
Start importing Assets/Scenes/Anchors.unity using Guid(5cba9114a192a46a7aef31da62316e39) Importer(815301076,1909f56bfc062723c751e8b465ee728b)  -> (artifact id: 'd999b4343b077b8151cea07c553dec8b') in 0.007353 seconds 
  Import took 0.011084 seconds .

========================================================================
Received Import Request.
  Time since last request: 7.049104 seconds.
  path: Assets/Scenes/Check Support.unity
  artifactKey: Guid(cf67ab53e5ff241dfa61608222d82109) Importer(815301076,1909f56bfc062723c751e8b465ee728b)
Start importing Assets/Scenes/Check Support.unity using Guid(cf67ab53e5ff241dfa61608222d82109) Importer(815301076,1909f56bfc062723c751e8b465ee728b)  -> (artifact id: '2bf243620ef478d197a0ff9cb13594e3') in 0.009115 seconds 
  Import took 0.012174 seconds .

========================================================================
Received Import Request.
  Time since last request: 1.195115 seconds.
  path: Assets/Scenes/CpuImages.unity
  artifactKey: Guid(e769916924fd3814ab1d9474de816b22) Importer(815301076,1909f56bfc062723c751e8b465ee728b)
Start importing Assets/Scenes/CpuImages.unity using Guid(e769916924fd3814ab1d9474de816b22) Importer(815301076,1909f56bfc062723c751e8b465ee728b)  -> (artifact id: 'b459b18b4b460b249b0ffdc579dd9378') in 0.011761 seconds 
  Import took 0.017210 seconds .

========================================================================
Received Import Request.
  Time since last request: 2.361108 seconds.
  path: Assets/Scenes/EnvironmentProbes.unity
  artifactKey: Guid(d568d188cadf141e38769dbabd3fe385) Importer(815301076,1909f56bfc062723c751e8b465ee728b)
Start importing Assets/Scenes/EnvironmentProbes.unity using Guid(d568d188cadf141e38769dbabd3fe385) Importer(815301076,1909f56bfc062723c751e8b465ee728b)  -> (artifact id: '09005d8b5d2067be5320ccdbb15443f5') in 0.009876 seconds 
  Import took 0.013817 seconds .

========================================================================
Received Prepare
Registering precompiled user dll's ...
Registered in 0.001379 seconds.
Begin MonoManager ReloadAssembly
Native extension for WindowsStandalone target not found
Refreshing native plugins compatible for Editor in 1.45 ms, found 0 plugins.
Preloading 0 native plugins for Editor in 0.00 ms.
Mono: successfully reloaded assembly
- Completed reload, in  1.438 seconds
Domain Reload Profiling:
	ReloadAssembly (1438ms)
		BeginReloadAssembly (169ms)
			ExecutionOrderSort (0ms)
			DisableScriptedObjects (4ms)
			BackupInstance (0ms)
			ReleaseScriptingObjects (0ms)
			CreateAndSetChildDomain (53ms)
		EndReloadAssembly (1167ms)
			LoadAssemblies (134ms)
			RebuildTransferFunctionScriptingTraits (0ms)
			SetupTypeCache (357ms)
			ReleaseScriptCaches (1ms)
			RebuildScriptCaches (88ms)
			SetupLoadedEditorAssemblies (388ms)
				LogAssemblyErrors (0ms)
				InitializePlatformSupportModulesInManaged (8ms)
				SetLoadedEditorAssemblies (2ms)
				RefreshPlugins (2ms)
				BeforeProcessingInitializeOnLoad (146ms)
				ProcessInitializeOnLoadAttributes (221ms)
				ProcessInitializeOnLoadMethodAttributes (4ms)
				AfterProcessingInitializeOnLoad (5ms)
				EditorAssembliesLoaded (0ms)
			ExecutionOrderSort2 (0ms)
			AwakeInstancesAfterBackupRestoration (7ms)
Platform modules already initialized, skipping
Refreshing native plugins compatible for Editor in 1.14 ms, found 0 plugins.
Preloading 0 native plugins for Editor in 0.00 ms.
Unloading 1534 Unused Serialized files (Serialized files now loaded: 0)
System memory in use before: 76.0 MB.
System memory in use after: 76.1 MB.

Unloading 17 unused Assets to reduce memory usage. Loaded Objects now: 2007.
Total: 4.152000 ms (FindLiveObjects: 0.434200 ms CreateObjectMapping: 0.079600 ms MarkObjects: 3.525500 ms  DeleteObjects: 0.106000 ms)

AssetImportParameters requested are different than current active one (requested -> active):
  custom:framework-win-MediaFoundation: 216162199b28c13a410421893ffa2e32 -> 
  custom:video-decoder-ogg-theora: a1e56fd34408186e4bbccfd4996cb3dc -> 
  custom:container-muxer-webm: aa71ff27fc2769a1b78a27578f13a17b -> 
  custom:container-demuxer-webm: 4f35f7cbe854078d1ac9338744f61a02 -> 
  custom:container-demuxer-ogg: 62fdf1f143b41e24485cea50d1cbac27 -> 
  custom:video-encoder-webm-vp8: eb34c28f22e8b96e1ab97ce403110664 -> 
  custom:video-decoder-webm-vp8: 9c59270c3fd7afecdb556c50c9e8de78 -> 
  custom:audio-decoder-ogg-vorbis: bf7c407c2cedff20999df2af8eb42d56 -> 
  custom:audio-encoder-webm-vorbis: bf7c407c2cedff20999df2af8eb42d56 -> 
AssetImportWorkerClient::OnTransportError - code=2 error=End of file
